    Finished `release` profile [optimized] target(s) in 0.04s
     Running `target\release\semiotic-emergence.exe 42 3000`
gen    0 | avg    30.0 | max    79.0 | signals 994 | icon -0.012 | MI 0.003 | jsd 0.028/0.084 | sym [0.010,0.047,0.032] | sil -0.288
gen   10 | avg    17.9 | max    43.0 | signals 534 | icon -0.018 | MI 0.004 | jsd 0.044/0.119 | sym [0.018,0.036,0.049] | sil -0.308
gen   20 | avg    18.5 | max    70.0 | signals 656 | icon -0.027 | MI 0.000 | jsd 0.127/0.081 | sym [0.039,0.122,0.145] | sil -0.412
gen   30 | avg    17.5 | max    41.0 | signals 699 | icon -0.020 | MI 0.006 | jsd 0.073/0.035 | sym [0.025,0.048,0.061] | sil -0.458
gen   40 | avg    18.0 | max    55.0 | signals 682 | icon -0.013 | MI 0.005 | jsd 0.040/0.091 | sym [0.047,0.022,0.048] | sil -0.311
gen   50 | avg    28.5 | max    71.0 | signals 1098 | icon -0.015 | MI 0.015 | jsd 0.089/0.183 | sym [0.145,0.071,0.105] | sil -0.470
gen   60 | avg    16.2 | max    36.0 | signals 622 | icon -0.002 | MI 0.010 | jsd 0.138/0.124 | sym [0.035,0.017,0.265] | sil -0.374
gen   70 | avg    16.6 | max    41.0 | signals 683 | icon -0.015 | MI 0.029 | jsd 0.045/0.116 | sym [0.054,0.036,0.223] | sil -0.372
gen   80 | avg    27.0 | max    81.0 | signals 1052 | icon -0.012 | MI 0.004 | jsd 0.296/0.258 | sym [0.294,0.267,0.000] | sil -0.461
gen   90 | avg    19.4 | max    67.0 | signals 664 | icon -0.013 | MI 0.015 | jsd 0.173/0.071 | sym [0.084,0.117,0.204] | sil -0.445
gen  100 | avg    21.0 | max    70.0 | signals 521 | icon -0.038 | MI 0.044 | jsd 0.088/0.258 | sym [0.119,0.041,0.576] | sil -0.419
gen  110 | avg    17.4 | max    46.0 | signals 254 | icon -0.067 | MI 0.027 | jsd 0.245/0.286 | sym [0.088,0.264,0.363] | sil -0.425
gen  120 | avg    17.6 | max    65.0 | signals 209 | icon 0.019 | MI 0.079 | jsd 0.331/0.319 | sym [0.278,0.240,0.412] | sil -0.447
gen  130 | avg    33.1 | max    75.0 | signals 394 | icon -0.002 | MI 0.076 | jsd 0.352/0.211 | sym [0.326,0.155,0.439] | sil -0.303
gen  140 | avg    29.1 | max    74.0 | signals 537 | icon 0.011 | MI 0.046 | jsd 0.074/0.304 | sym [0.106,0.104,0.000] | sil -0.369
gen  150 | avg    19.1 | max    49.0 | signals 428 | icon -0.003 | MI 0.042 | jsd 0.106/0.126 | sym [0.034,0.042,0.217] | sil -0.480
gen  160 | avg    24.8 | max    68.0 | signals 680 | icon -0.023 | MI 0.040 | jsd 0.114/0.351 | sym [0.034,0.127,0.188] | sil -0.406
gen  170 | avg    22.9 | max   101.0 | signals 454 | icon -0.029 | MI 0.036 | jsd 0.030/0.219 | sym [0.035,0.068,0.095] | sil -0.474
gen  180 | avg    22.3 | max    52.0 | signals 637 | icon -0.014 | MI 0.009 | jsd 0.149/0.236 | sym [0.128,0.033,0.304] | sil -0.353
gen  190 | avg    17.9 | max    48.0 | signals 515 | icon -0.012 | MI 0.032 | jsd 0.121/0.172 | sym [0.098,0.016,0.288] | sil -0.389
gen  200 | avg    20.8 | max    49.0 | signals 738 | icon -0.015 | MI 0.016 | jsd 0.221/0.371 | sym [0.078,0.111,0.530] | sil -0.485
gen  210 | avg    25.8 | max    91.0 | signals 1091 | icon 0.008 | MI 0.008 | jsd 0.378/0.214 | sym [0.229,0.398,0.391] | sil -0.401
gen  220 | avg    19.6 | max    57.0 | signals 813 | icon -0.019 | MI 0.031 | jsd 0.277/0.183 | sym [0.160,0.000,0.314] | sil -0.447
gen  230 | avg    17.2 | max    37.0 | signals 677 | icon -0.015 | MI 0.008 | jsd 0.357/0.225 | sym [0.156,0.475,0.382] | sil -0.228
gen  240 | avg    18.2 | max    59.0 | signals 756 | icon -0.016 | MI 0.010 | jsd 0.282/0.246 | sym [0.173,0.125,0.496] | sil -0.449
gen  250 | avg    29.5 | max    78.0 | signals 1216 | icon -0.007 | MI 0.004 | jsd 0.464/0.219 | sym [0.213,0.356,0.492] | sil -0.402
gen  260 | avg    39.1 | max   104.0 | signals 1559 | icon -0.007 | MI 0.001 | jsd 0.367/0.110 | sym [0.283,0.195,0.450] | sil -0.318
gen  270 | avg    17.1 | max    55.0 | signals 678 | icon -0.006 | MI 0.010 | jsd 0.249/0.104 | sym [0.162,0.057,0.373] | sil -0.343
gen  280 | avg    21.1 | max    57.0 | signals 785 | icon -0.022 | MI 0.006 | jsd 0.203/0.138 | sym [0.189,0.100,0.245] | sil -0.557
gen  290 | avg    18.9 | max    51.0 | signals 728 | icon -0.023 | MI 0.022 | jsd 0.167/0.244 | sym [0.198,0.105,0.210] | sil -0.396
gen  300 | avg    19.4 | max    48.0 | signals 792 | icon -0.006 | MI 0.029 | jsd 0.217/0.270 | sym [0.244,0.100,0.362] | sil -0.195
gen  310 | avg    30.9 | max    76.0 | signals 1282 | icon -0.005 | MI 0.007 | jsd 0.378/0.313 | sym [0.402,0.233,0.483] | sil -0.367
gen  320 | avg    18.1 | max    49.0 | signals 689 | icon -0.025 | MI 0.012 | jsd 0.183/0.118 | sym [0.089,0.082,0.390] | sil -0.444
gen  330 | avg    22.8 | max    57.0 | signals 962 | icon -0.007 | MI 0.005 | jsd 0.172/0.114 | sym [0.172,0.116,0.192] | sil -0.391
gen  340 | avg    18.3 | max    61.0 | signals 708 | icon 0.006 | MI 0.013 | jsd 0.235/0.161 | sym [0.241,0.080,0.318] | sil -0.376
gen  350 | avg    24.0 | max    69.0 | signals 903 | icon -0.008 | MI 0.005 | jsd 0.288/0.230 | sym [0.227,0.140,0.461] | sil -0.445
gen  360 | avg    17.4 | max    52.0 | signals 607 | icon -0.003 | MI 0.010 | jsd 0.403/0.301 | sym [0.385,0.286,0.430] | sil -0.250
gen  370 | avg    27.3 | max    67.0 | signals 1079 | icon -0.010 | MI 0.007 | jsd 0.222/0.189 | sym [0.303,0.120,0.230] | sil -0.354
gen  380 | avg    37.8 | max    83.0 | signals 1453 | icon -0.007 | MI 0.005 | jsd 0.227/0.164 | sym [0.297,0.174,0.181] | sil -0.383
gen  390 | avg    26.5 | max    81.0 | signals 1059 | icon -0.003 | MI 0.003 | jsd 0.178/0.078 | sym [0.234,0.061,0.201] | sil -0.488
gen  400 | avg    22.9 | max    64.0 | signals 816 | icon -0.011 | MI 0.021 | jsd 0.254/0.087 | sym [0.204,0.169,0.245] | sil -0.528
gen  410 | avg    20.8 | max    81.0 | signals 737 | icon 0.000 | MI 0.024 | jsd 0.279/0.094 | sym [0.257,0.125,0.299] | sil -0.498
gen  420 | avg    20.1 | max    54.0 | signals 817 | icon 0.010 | MI 0.022 | jsd 0.378/0.072 | sym [0.143,0.307,0.294] | sil -0.506
gen  430 | avg    18.8 | max    58.0 | signals 758 | icon -0.017 | MI 0.028 | jsd 0.203/0.125 | sym [0.115,0.075,0.305] | sil -0.500
gen  440 | avg    24.3 | max    53.0 | signals 955 | icon -0.017 | MI 0.029 | jsd 0.582/0.185 | sym [0.423,0.563,0.389] | sil -0.353
gen  450 | avg    33.4 | max    72.0 | signals 1317 | icon 0.000 | MI 0.011 | jsd 0.287/0.170 | sym [0.154,0.363,0.291] | sil -0.289
gen  460 | avg    22.9 | max    62.0 | signals 781 | icon -0.006 | MI 0.032 | jsd 0.282/0.158 | sym [0.111,0.331,0.258] | sil -0.494
gen  470 | avg    35.7 | max    87.0 | signals 1326 | icon -0.000 | MI 0.038 | jsd 0.467/0.157 | sym [0.318,0.257,0.254] | sil -0.182
gen  480 | avg    20.1 | max    60.0 | signals 704 | icon -0.037 | MI 0.010 | jsd 0.228/0.159 | sym [0.086,0.286,0.211] | sil -0.352
gen  490 | avg    25.3 | max    66.0 | signals 973 | icon -0.006 | MI 0.019 | jsd 0.327/0.285 | sym [0.175,0.466,0.250] | sil -0.337
gen  500 | avg    19.4 | max    52.0 | signals 705 | icon -0.013 | MI 0.012 | jsd 0.123/0.269 | sym [0.271,0.132,0.144] | sil -0.566
gen  510 | avg    27.4 | max    75.0 | signals 1090 | icon -0.015 | MI 0.020 | jsd 0.023/0.197 | sym [0.040,0.331,0.054] | sil -0.286
gen  520 | avg    19.1 | max    52.0 | signals 761 | icon -0.015 | MI 0.006 | jsd 0.036/0.074 | sym [0.024,0.022,0.052] | sil -0.367
gen  530 | avg    21.4 | max    76.0 | signals 721 | icon -0.041 | MI 0.023 | jsd 0.302/0.119 | sym [0.124,0.062,0.113] | sil -0.350
gen  540 | avg    30.0 | max    91.0 | signals 1178 | icon -0.020 | MI 0.005 | jsd 0.179/0.084 | sym [0.152,0.000,0.190] | sil -0.395
gen  550 | avg    21.8 | max    60.0 | signals 823 | icon -0.011 | MI 0.023 | jsd 0.137/0.105 | sym [0.120,0.039,0.171] | sil -0.508
gen  560 | avg    26.8 | max    80.0 | signals 1005 | icon -0.009 | MI 0.028 | jsd 0.177/0.150 | sym [0.115,0.156,0.230] | sil -0.481
gen  570 | avg    20.0 | max    66.0 | signals 649 | icon -0.024 | MI 0.013 | jsd 0.120/0.090 | sym [0.072,0.100,0.170] | sil -0.429
gen  580 | avg    25.9 | max    72.0 | signals 955 | icon -0.032 | MI 0.013 | jsd 0.296/0.493 | sym [0.318,0.454,0.241] | sil -0.586
gen  590 | avg    26.5 | max    79.0 | signals 1013 | icon -0.027 | MI 0.012 | jsd 0.365/0.635 | sym [0.274,0.693,0.228] | sil -0.385
gen  600 | avg    17.2 | max    45.0 | signals 698 | icon -0.050 | MI 0.010 | jsd 0.292/0.404 | sym [0.075,0.465,0.198] | sil -0.074
gen  610 | avg    22.2 | max    53.0 | signals 767 | icon -0.047 | MI 0.011 | jsd 0.283/0.321 | sym [0.324,0.324,0.183] | sil -0.466
gen  620 | avg    16.9 | max    44.0 | signals 649 | icon -0.024 | MI 0.011 | jsd 0.183/0.332 | sym [0.178,0.284,0.148] | sil -0.085
gen  630 | avg    18.6 | max    44.0 | signals 778 | icon -0.057 | MI 0.007 | jsd 0.512/0.335 | sym [0.693,0.457,0.178] | sil -0.420
gen  640 | avg    23.5 | max    74.0 | signals 934 | icon -0.054 | MI 0.010 | jsd 0.248/0.499 | sym [0.092,0.450,0.242] | sil -0.508
gen  650 | avg    20.9 | max    53.0 | signals 864 | icon -0.034 | MI 0.007 | jsd 0.309/0.294 | sym [0.128,0.469,0.250] | sil -0.546
gen  660 | avg    23.4 | max    63.0 | signals 886 | icon -0.018 | MI 0.022 | jsd 0.371/0.473 | sym [0.393,0.524,0.158] | sil -0.419
gen  670 | avg    18.5 | max    51.0 | signals 687 | icon -0.011 | MI 0.005 | jsd 0.505/0.420 | sym [0.589,0.482,0.211] | sil -0.429
gen  680 | avg    22.4 | max    75.0 | signals 841 | icon -0.055 | MI 0.012 | jsd 0.508/0.337 | sym [0.000,0.522,0.272] | sil -0.539
gen  690 | avg    25.5 | max    80.0 | signals 956 | icon -0.023 | MI 0.011 | jsd 0.347/0.262 | sym [0.000,0.510,0.077] | sil -0.444
gen  700 | avg    25.1 | max    63.0 | signals 1097 | icon -0.027 | MI 0.021 | jsd 0.464/0.379 | sym [0.497,0.574,0.259] | sil -0.361
gen  710 | avg    38.8 | max    91.0 | signals 1693 | icon -0.017 | MI 0.029 | jsd 0.445/0.433 | sym [0.000,0.552,0.264] | sil -0.330
gen  720 | avg    21.1 | max    57.0 | signals 851 | icon -0.020 | MI 0.002 | jsd 0.544/0.349 | sym [0.000,0.643,0.345] | sil -0.450
gen  730 | avg    30.6 | max    61.0 | signals 1259 | icon -0.046 | MI 0.005 | jsd 0.628/0.517 | sym [0.521,0.568,0.408] | sil -0.269
gen  740 | avg    19.2 | max    48.0 | signals 819 | icon -0.026 | MI 0.005 | jsd 0.497/0.549 | sym [0.150,0.677,0.475] | sil -0.440
gen  750 | avg    31.4 | max    83.0 | signals 1409 | icon -0.014 | MI 0.003 | jsd 0.524/0.553 | sym [0.334,0.593,0.552] | sil -0.382
gen  760 | avg    17.2 | max    49.0 | signals 731 | icon -0.048 | MI 0.011 | jsd 0.383/0.518 | sym [0.107,0.668,0.354] | sil -0.411
gen  770 | avg    18.5 | max    48.0 | signals 822 | icon -0.057 | MI 0.008 | jsd 0.399/0.325 | sym [0.069,0.577,0.368] | sil -0.270
gen  780 | avg    23.7 | max    66.0 | signals 945 | icon -0.061 | MI 0.011 | jsd 0.513/0.515 | sym [0.291,0.574,0.438] | sil -0.516
gen  790 | avg    29.8 | max    70.0 | signals 1335 | icon -0.019 | MI 0.007 | jsd 0.556/0.583 | sym [0.321,0.693,0.626] | sil -0.442
gen  800 | avg    24.0 | max    67.0 | signals 970 | icon -0.047 | MI 0.006 | jsd 0.592/0.561 | sym [0.411,0.656,0.590] | sil -0.479
gen  810 | avg    18.9 | max    64.0 | signals 784 | icon -0.055 | MI 0.023 | jsd 0.416/0.580 | sym [0.046,0.693,0.409] | sil -0.449
gen  820 | avg    20.2 | max    58.0 | signals 772 | icon -0.051 | MI 0.017 | jsd 0.494/0.593 | sym [0.210,0.633,0.504] | sil -0.383
gen  830 | avg    26.5 | max    73.0 | signals 1150 | icon -0.030 | MI 0.018 | jsd 0.693/0.314 | sym [0.000,0.522,0.506] | sil -0.341
gen  840 | avg    18.9 | max    41.0 | signals 796 | icon -0.035 | MI 0.013 | jsd 0.693/0.480 | sym [0.521,0.567,0.500] | sil -0.565
gen  850 | avg    22.2 | max    75.0 | signals 905 | icon -0.024 | MI 0.026 | jsd 0.643/0.676 | sym [0.000,0.693,0.547] | sil -0.391
gen  860 | avg    17.5 | max    50.0 | signals 711 | icon -0.020 | MI 0.012 | jsd 0.582/0.659 | sym [0.000,0.693,0.466] | sil -0.246
gen  870 | avg    17.0 | max    60.0 | signals 696 | icon -0.029 | MI 0.014 | jsd 0.551/0.354 | sym [0.386,0.592,0.398] | sil -0.499
gen  880 | avg    19.2 | max    64.0 | signals 774 | icon -0.023 | MI 0.010 | jsd 0.693/0.359 | sym [0.614,0.608,0.615] | sil -0.455
gen  890 | avg    35.2 | max    94.0 | signals 1510 | icon -0.019 | MI 0.020 | jsd 0.693/0.693 | sym [0.693,0.693,0.693] | sil -0.189
gen  900 | avg    21.2 | max    55.0 | signals 849 | icon -0.041 | MI 0.006 | jsd 0.693/0.693 | sym [0.693,0.693,0.693] | sil -0.491
gen  910 | avg    25.2 | max    78.0 | signals 1040 | icon -0.031 | MI 0.010 | jsd 0.647/0.676 | sym [0.000,0.656,0.644] | sil -0.409
gen  920 | avg    25.6 | max    74.0 | signals 1087 | icon -0.014 | MI 0.002 | jsd 0.693/0.693 | sym [0.000,0.000,0.693] | sil -0.366
gen  930 | avg    22.9 | max    73.0 | signals 757 | icon -0.036 | MI 0.000 | jsd 0.372/0.544 | sym [0.000,0.000,0.401] | sil -0.400
gen  940 | avg    19.4 | max    55.0 | signals 710 | icon -0.062 | MI 0.003 | jsd 0.260/0.562 | sym [0.277,0.693,0.346] | sil -0.455
gen  950 | avg    20.7 | max    59.0 | signals 814 | icon -0.041 | MI 0.003 | jsd 0.468/0.347 | sym [0.053,0.000,0.495] | sil -0.442
gen  960 | avg    23.2 | max    61.0 | signals 942 | icon -0.029 | MI 0.004 | jsd 0.454/0.581 | sym [0.000,0.000,0.480] | sil -0.343
gen  970 | avg    19.8 | max    54.0 | signals 820 | icon -0.040 | MI 0.001 | jsd 0.562/0.693 | sym [0.606,0.000,0.561] | sil -0.462
gen  980 | avg    18.1 | max    49.0 | signals 670 | icon -0.025 | MI 0.011 | jsd 0.612/0.371 | sym [0.257,0.000,0.531] | sil -0.575
gen  990 | avg    20.7 | max    61.0 | signals 843 | icon -0.025 | MI 0.006 | jsd 0.445/0.454 | sym [0.162,0.693,0.499] | sil -0.487
gen 1000 | avg    18.6 | max    69.0 | signals 702 | icon -0.047 | MI 0.004 | jsd 0.444/0.462 | sym [0.053,0.693,0.495] | sil -0.421
gen 1010 | avg    25.9 | max    71.0 | signals 1065 | icon -0.042 | MI 0.000 | jsd 0.309/0.611 | sym [0.000,0.000,0.366] | sil -0.484
gen 1020 | avg    30.4 | max   102.0 | signals 1210 | icon -0.041 | MI 0.003 | jsd 0.495/0.693 | sym [0.000,0.693,0.385] | sil -0.354
gen 1030 | avg    23.0 | max    69.0 | signals 986 | icon -0.040 | MI 0.000 | jsd 0.344/0.693 | sym [0.000,0.000,0.411] | sil -0.442
gen 1040 | avg    34.5 | max    81.0 | signals 1496 | icon -0.038 | MI 0.001 | jsd 0.316/0.693 | sym [0.000,0.693,0.378] | sil -0.356
gen 1050 | avg    20.3 | max    61.0 | signals 856 | icon -0.036 | MI 0.008 | jsd 0.605/0.649 | sym [0.000,0.693,0.520] | sil -0.365
gen 1060 | avg    22.8 | max    57.0 | signals 865 | icon -0.036 | MI 0.005 | jsd 0.558/0.693 | sym [0.000,0.693,0.465] | sil -0.517
gen 1070 | avg    17.9 | max    55.0 | signals 790 | icon -0.028 | MI 0.000 | jsd 0.358/0.599 | sym [0.000,0.000,0.422] | sil -0.410
gen 1080 | avg    20.4 | max    54.0 | signals 818 | icon -0.032 | MI 0.000 | jsd 0.251/0.693 | sym [0.000,0.000,0.305] | sil -0.413
gen 1090 | avg    19.9 | max    59.0 | signals 686 | icon -0.015 | MI 0.005 | jsd 0.236/0.393 | sym [0.000,0.606,0.249] | sil -0.342
gen 1100 | avg    17.1 | max    43.0 | signals 732 | icon -0.031 | MI 0.004 | jsd 0.518/0.313 | sym [0.000,0.481,0.256] | sil -0.463
gen 1110 | avg    18.1 | max    63.0 | signals 809 | icon -0.042 | MI 0.000 | jsd 0.301/0.383 | sym [0.000,0.000,0.287] | sil -0.468
gen 1120 | avg    19.9 | max    62.0 | signals 833 | icon -0.022 | MI 0.003 | jsd 0.274/0.625 | sym [0.000,0.693,0.302] | sil -0.402
gen 1130 | avg    20.2 | max    51.0 | signals 772 | icon -0.058 | MI 0.004 | jsd 0.442/0.282 | sym [0.000,0.562,0.190] | sil -0.430
gen 1140 | avg    21.9 | max    53.0 | signals 782 | icon -0.045 | MI 0.004 | jsd 0.123/0.411 | sym [0.123,0.693,0.155] | sil -0.405
gen 1150 | avg    24.0 | max    54.0 | signals 921 | icon -0.045 | MI 0.001 | jsd 0.424/0.419 | sym [0.000,0.642,0.202] | sil -0.509
gen 1160 | avg    18.1 | max    57.0 | signals 699 | icon -0.034 | MI 0.000 | jsd 0.077/0.320 | sym [0.000,0.000,0.102] | sil -0.473
gen 1170 | avg    18.9 | max    56.0 | signals 718 | icon -0.039 | MI 0.000 | jsd 0.196/0.490 | sym [0.000,0.000,0.253] | sil -0.194
gen 1180 | avg    17.6 | max    61.0 | signals 757 | icon -0.053 | MI 0.002 | jsd 0.201/0.517 | sym [0.000,0.642,0.259] | sil -0.445
gen 1190 | avg    20.1 | max    46.0 | signals 833 | icon -0.043 | MI 0.000 | jsd 0.216/0.615 | sym [0.000,0.000,0.293] | sil -0.420
gen 1200 | avg    18.9 | max    43.0 | signals 776 | icon -0.052 | MI 0.000 | jsd 0.174/0.600 | sym [0.000,0.000,0.281] | sil -0.437
gen 1210 | avg    33.6 | max    69.0 | signals 1493 | icon -0.023 | MI 0.000 | jsd 0.290/0.693 | sym [0.000,0.000,0.354] | sil -0.301
gen 1220 | avg    22.4 | max    65.0 | signals 957 | icon 0.004 | MI 0.004 | jsd 0.141/0.693 | sym [0.123,0.000,0.295] | sil -0.430
gen 1230 | avg    19.1 | max    52.0 | signals 788 | icon -0.036 | MI 0.000 | jsd 0.200/0.603 | sym [0.000,0.000,0.265] | sil -0.349
gen 1240 | avg    20.9 | max    58.0 | signals 772 | icon -0.058 | MI 0.009 | jsd 0.151/0.544 | sym [0.105,0.693,0.235] | sil -0.515
gen 1250 | avg    34.8 | max   101.0 | signals 1402 | icon -0.016 | MI 0.002 | jsd 0.298/0.693 | sym [0.000,0.000,0.340] | sil -0.421
gen 1260 | avg    27.9 | max    72.0 | signals 1201 | icon -0.026 | MI 0.004 | jsd 0.335/0.663 | sym [0.304,0.693,0.308] | sil -0.288
gen 1270 | avg    17.7 | max    51.0 | signals 760 | icon -0.053 | MI 0.005 | jsd 0.380/0.565 | sym [0.328,0.642,0.277] | sil -0.452
gen 1280 | avg    21.2 | max    60.0 | signals 928 | icon -0.025 | MI 0.009 | jsd 0.491/0.357 | sym [0.521,0.537,0.278] | sil -0.563
gen 1290 | avg    31.6 | max    96.0 | signals 1306 | icon -0.015 | MI 0.012 | jsd 0.462/0.606 | sym [0.255,0.693,0.280] | sil -0.286
gen 1300 | avg    24.7 | max    69.0 | signals 987 | icon -0.050 | MI 0.005 | jsd 0.551/0.456 | sym [0.606,0.624,0.294] | sil -0.272
gen 1310 | avg    16.9 | max    46.0 | signals 701 | icon -0.033 | MI 0.003 | jsd 0.108/0.693 | sym [0.123,0.693,0.282] | sil -0.305
gen 1320 | avg    34.9 | max    88.0 | signals 1496 | icon -0.024 | MI 0.001 | jsd 0.462/0.616 | sym [0.000,0.693,0.276] | sil -0.295
gen 1330 | avg    19.3 | max    66.0 | signals 768 | icon -0.064 | MI 0.001 | jsd 0.154/0.375 | sym [0.096,0.000,0.240] | sil -0.261
gen 1340 | avg    26.2 | max    73.0 | signals 1040 | icon -0.018 | MI 0.005 | jsd 0.436/0.530 | sym [0.000,0.616,0.211] | sil -0.407
gen 1350 | avg    31.7 | max    85.0 | signals 1370 | icon -0.042 | MI 0.001 | jsd 0.122/0.636 | sym [0.000,0.693,0.189] | sil -0.333
gen 1360 | avg    23.8 | max    72.0 | signals 904 | icon -0.015 | MI 0.005 | jsd 0.532/0.482 | sym [0.153,0.693,0.214] | sil -0.349
gen 1370 | avg    17.8 | max    41.0 | signals 733 | icon -0.050 | MI 0.003 | jsd 0.450/0.623 | sym [0.000,0.693,0.262] | sil -0.228
gen 1380 | avg    31.1 | max    74.0 | signals 1234 | icon -0.017 | MI 0.000 | jsd 0.118/0.541 | sym [0.000,0.000,0.177] | sil -0.401
gen 1390 | avg    28.1 | max    95.0 | signals 1168 | icon -0.031 | MI 0.000 | jsd 0.099/0.537 | sym [0.000,0.000,0.158] | sil -0.477
gen 1400 | avg    18.6 | max    56.0 | signals 735 | icon -0.024 | MI 0.002 | jsd 0.065/0.604 | sym [0.000,0.693,0.179] | sil -0.401
gen 1410 | avg    25.4 | max    64.0 | signals 1127 | icon -0.021 | MI 0.000 | jsd 0.103/0.401 | sym [0.000,0.000,0.152] | sil -0.454
gen 1420 | avg    20.9 | max    73.0 | signals 805 | icon -0.026 | MI 0.002 | jsd 0.130/0.495 | sym [0.030,0.000,0.198] | sil -0.199
gen 1430 | avg    19.5 | max    49.0 | signals 726 | icon -0.029 | MI 0.002 | jsd 0.118/0.583 | sym [0.000,0.693,0.182] | sil -0.484
gen 1440 | avg    22.2 | max    77.0 | signals 805 | icon -0.040 | MI 0.006 | jsd 0.091/0.625 | sym [0.000,0.693,0.188] | sil -0.469
gen 1450 | avg    17.9 | max    46.0 | signals 730 | icon -0.041 | MI 0.002 | jsd 0.288/0.455 | sym [0.000,0.642,0.300] | sil -0.427
gen 1460 | avg    21.8 | max    59.0 | signals 805 | icon -0.030 | MI 0.002 | jsd 0.461/0.363 | sym [0.000,0.642,0.239] | sil -0.442
gen 1470 | avg    18.7 | max    59.0 | signals 696 | icon -0.029 | MI 0.000 | jsd 0.096/0.585 | sym [0.000,0.000,0.193] | sil -0.490
gen 1480 | avg    27.6 | max    76.0 | signals 1055 | icon -0.016 | MI 0.001 | jsd 0.404/0.616 | sym [0.000,0.693,0.183] | sil -0.437
gen 1490 | avg    21.4 | max    50.0 | signals 785 | icon -0.043 | MI 0.002 | jsd 0.097/0.600 | sym [0.000,0.693,0.191] | sil -0.144
gen 1500 | avg    18.0 | max    35.0 | signals 723 | icon -0.040 | MI 0.004 | jsd 0.116/0.264 | sym [0.045,0.045,0.206] | sil -0.307
gen 1510 | avg    27.0 | max    78.0 | signals 1095 | icon -0.024 | MI 0.002 | jsd 0.148/0.574 | sym [0.000,0.693,0.169] | sil -0.369
gen 1520 | avg    17.7 | max    45.0 | signals 660 | icon -0.052 | MI 0.004 | jsd 0.121/0.467 | sym [0.000,0.562,0.206] | sil -0.151
gen 1530 | avg    20.5 | max    52.0 | signals 853 | icon -0.056 | MI 0.000 | jsd 0.033/0.548 | sym [0.000,0.000,0.108] | sil -0.316
gen 1540 | avg    16.3 | max    48.0 | signals 654 | icon -0.018 | MI 0.001 | jsd 0.355/0.546 | sym [0.000,0.649,0.098] | sil -0.082
gen 1550 | avg    22.1 | max    90.0 | signals 810 | icon -0.049 | MI 0.005 | jsd 0.389/0.614 | sym [0.000,0.693,0.151] | sil -0.240
gen 1560 | avg    28.3 | max    74.0 | signals 937 | icon -0.026 | MI 0.006 | jsd 0.396/0.490 | sym [0.000,0.589,0.172] | sil -0.414
gen 1570 | avg    17.8 | max    41.0 | signals 652 | icon -0.026 | MI 0.004 | jsd 0.393/0.515 | sym [0.000,0.628,0.187] | sil 0.030
gen 1580 | avg    27.4 | max    77.0 | signals 1057 | icon -0.036 | MI 0.000 | jsd 0.164/0.378 | sym [0.000,0.000,0.193] | sil -0.219
gen 1590 | avg    17.4 | max    45.0 | signals 736 | icon -0.038 | MI 0.005 | jsd 0.156/0.599 | sym [0.000,0.693,0.210] | sil -0.464
gen 1600 | avg    20.9 | max    52.0 | signals 773 | icon -0.039 | MI 0.002 | jsd 0.525/0.560 | sym [0.000,0.642,0.385] | sil -0.151
gen 1610 | avg    18.1 | max    53.0 | signals 741 | icon -0.043 | MI 0.000 | jsd 0.358/0.637 | sym [0.000,0.000,0.405] | sil -0.364
gen 1620 | avg    23.4 | max    70.0 | signals 913 | icon -0.032 | MI 0.000 | jsd 0.122/0.378 | sym [0.000,0.000,0.157] | sil -0.424
gen 1630 | avg    34.4 | max    86.0 | signals 1433 | icon -0.032 | MI 0.000 | jsd 0.145/0.603 | sym [0.000,0.000,0.230] | sil -0.326
gen 1640 | avg    24.0 | max    70.0 | signals 1024 | icon -0.034 | MI 0.004 | jsd 0.184/0.620 | sym [0.000,0.693,0.229] | sil -0.302
gen 1650 | avg    20.8 | max    67.0 | signals 849 | icon -0.027 | MI 0.026 | jsd 0.243/0.486 | sym [0.000,0.532,0.180] | sil -0.332
gen 1660 | avg    21.4 | max    63.0 | signals 785 | icon -0.071 | MI 0.005 | jsd 0.230/0.434 | sym [0.000,0.336,0.234] | sil -0.338
gen 1670 | avg    25.7 | max    83.0 | signals 974 | icon -0.039 | MI 0.050 | jsd 0.191/0.362 | sym [0.000,0.308,0.199] | sil -0.475
gen 1680 | avg    19.4 | max    46.0 | signals 750 | icon -0.055 | MI 0.054 | jsd 0.326/0.571 | sym [0.000,0.530,0.280] | sil -0.394
gen 1690 | avg    27.4 | max    68.0 | signals 1077 | icon -0.020 | MI 0.046 | jsd 0.423/0.562 | sym [0.000,0.645,0.248] | sil -0.368
gen 1700 | avg    36.2 | max    78.0 | signals 1488 | icon -0.037 | MI 0.127 | jsd 0.302/0.574 | sym [0.000,0.535,0.251] | sil -0.173
gen 1710 | avg    20.4 | max    66.0 | signals 799 | icon -0.063 | MI 0.058 | jsd 0.336/0.229 | sym [0.000,0.310,0.236] | sil -0.554
gen 1720 | avg    28.1 | max    93.0 | signals 1131 | icon -0.033 | MI 0.028 | jsd 0.255/0.471 | sym [0.000,0.353,0.228] | sil -0.307
gen 1730 | avg    33.6 | max    87.0 | signals 1221 | icon -0.027 | MI 0.065 | jsd 0.223/0.279 | sym [0.000,0.294,0.139] | sil -0.293
gen 1740 | avg    22.4 | max    62.0 | signals 837 | icon -0.047 | MI 0.062 | jsd 0.186/0.238 | sym [0.252,0.241,0.068] | sil -0.402
gen 1750 | avg    22.0 | max    49.0 | signals 836 | icon -0.037 | MI 0.130 | jsd 0.122/0.361 | sym [0.000,0.258,0.045] | sil -0.288
gen 1760 | avg    19.9 | max    51.0 | signals 784 | icon -0.024 | MI 0.077 | jsd 0.137/0.347 | sym [0.000,0.244,0.065] | sil -0.367
gen 1770 | avg    36.0 | max    75.0 | signals 1490 | icon -0.030 | MI 0.028 | jsd 0.140/0.440 | sym [0.000,0.288,0.046] | sil -0.271
gen 1780 | avg    18.4 | max    61.0 | signals 714 | icon -0.032 | MI 0.025 | jsd 0.227/0.405 | sym [0.000,0.276,0.158] | sil -0.020
gen 1790 | avg    19.9 | max    62.0 | signals 766 | icon -0.039 | MI 0.015 | jsd 0.220/0.457 | sym [0.000,0.311,0.153] | sil -0.510
gen 1800 | avg    22.1 | max    57.0 | signals 720 | icon -0.025 | MI 0.016 | jsd 0.156/0.252 | sym [0.000,0.164,0.079] | sil -0.455
gen 1810 | avg    22.3 | max    66.0 | signals 820 | icon -0.061 | MI 0.016 | jsd 0.085/0.218 | sym [0.000,0.099,0.057] | sil -0.417
gen 1820 | avg    17.7 | max    41.0 | signals 699 | icon -0.054 | MI 0.016 | jsd 0.112/0.347 | sym [0.000,0.188,0.063] | sil -0.074
gen 1830 | avg    20.7 | max    71.0 | signals 823 | icon -0.029 | MI 0.003 | jsd 0.152/0.408 | sym [0.000,0.202,0.070] | sil -0.344
gen 1840 | avg    22.1 | max    63.0 | signals 843 | icon -0.013 | MI 0.003 | jsd 0.228/0.379 | sym [0.000,0.226,0.187] | sil -0.335
gen 1850 | avg    17.4 | max    38.0 | signals 696 | icon -0.029 | MI 0.003 | jsd 0.151/0.073 | sym [0.000,0.123,0.029] | sil -0.421
gen 1860 | avg    19.4 | max    51.0 | signals 731 | icon -0.031 | MI 0.005 | jsd 0.160/0.146 | sym [0.000,0.089,0.078] | sil -0.407
gen 1870 | avg    19.5 | max    56.0 | signals 738 | icon -0.072 | MI 0.006 | jsd 0.264/0.071 | sym [0.000,0.130,0.080] | sil -0.537
gen 1880 | avg    17.3 | max    39.0 | signals 699 | icon -0.016 | MI 0.004 | jsd 0.128/0.071 | sym [0.000,0.177,0.002] | sil -0.166
gen 1890 | avg    16.6 | max    40.0 | signals 709 | icon -0.034 | MI 0.015 | jsd 0.061/0.056 | sym [0.000,0.063,0.013] | sil -0.566
gen 1900 | avg    23.0 | max    64.0 | signals 912 | icon -0.038 | MI 0.021 | jsd 0.111/0.337 | sym [0.000,0.214,0.048] | sil -0.368
gen 1910 | avg    19.8 | max    60.0 | signals 761 | icon -0.045 | MI 0.011 | jsd 0.148/0.142 | sym [0.000,0.131,0.041] | sil -0.207
gen 1920 | avg    27.7 | max    76.0 | signals 1028 | icon -0.046 | MI 0.021 | jsd 0.079/0.117 | sym [0.000,0.096,0.018] | sil -0.426
gen 1930 | avg    17.3 | max    41.0 | signals 709 | icon -0.034 | MI 0.027 | jsd 0.207/0.143 | sym [0.062,0.228,0.022] | sil 0.026
gen 1940 | avg    28.4 | max    71.0 | signals 1175 | icon -0.031 | MI 0.024 | jsd 0.090/0.195 | sym [0.080,0.137,0.045] | sil -0.278
gen 1950 | avg    25.4 | max    60.0 | signals 1129 | icon -0.034 | MI 0.015 | jsd 0.117/0.106 | sym [0.201,0.062,0.011] | sil -0.357
gen 1960 | avg    27.7 | max    61.0 | signals 1228 | icon -0.037 | MI 0.004 | jsd 0.084/0.075 | sym [0.000,0.034,0.042] | sil -0.465
gen 1970 | avg    16.9 | max    49.0 | signals 703 | icon -0.038 | MI 0.001 | jsd 0.067/0.097 | sym [0.000,0.044,0.043] | sil -0.523
gen 1980 | avg    20.3 | max    56.0 | signals 844 | icon -0.040 | MI 0.006 | jsd 0.049/0.090 | sym [0.000,0.062,0.018] | sil -0.315
gen 1990 | avg    26.5 | max    84.0 | signals 1092 | icon -0.019 | MI 0.000 | jsd 0.100/0.039 | sym [0.000,0.075,0.000] | sil -0.433
gen 2000 | avg    26.6 | max    66.0 | signals 1168 | icon -0.021 | MI 0.000 | jsd 0.157/0.038 | sym [0.000,0.091,0.000] | sil -0.445
gen 2010 | avg    21.0 | max    66.0 | signals 919 | icon -0.018 | MI 0.001 | jsd 0.097/0.076 | sym [0.053,0.097,0.000] | sil -0.399
gen 2020 | avg    21.5 | max    64.0 | signals 820 | icon -0.041 | MI 0.000 | jsd 0.207/0.039 | sym [0.000,0.136,0.000] | sil -0.453
gen 2030 | avg    23.0 | max    54.0 | signals 806 | icon -0.031 | MI 0.009 | jsd 0.057/0.174 | sym [0.078,0.045,0.001] | sil -0.326
gen 2040 | avg    19.9 | max    49.0 | signals 743 | icon -0.031 | MI 0.003 | jsd 0.038/0.043 | sym [0.045,0.035,0.007] | sil -0.414
gen 2050 | avg    19.2 | max    57.0 | signals 703 | icon -0.041 | MI 0.006 | jsd 0.019/0.089 | sym [0.045,0.021,0.003] | sil -0.347
gen 2060 | avg    23.0 | max    60.0 | signals 836 | icon -0.023 | MI 0.019 | jsd 0.024/0.035 | sym [0.045,0.029,0.007] | sil -0.237
gen 2070 | avg    18.3 | max    41.0 | signals 758 | icon -0.054 | MI 0.006 | jsd 0.057/0.091 | sym [0.030,0.105,0.013] | sil -0.489
gen 2080 | avg    24.0 | max    68.0 | signals 943 | icon -0.022 | MI 0.019 | jsd 0.042/0.148 | sym [0.022,0.101,0.015] | sil -0.445
gen 2090 | avg    17.6 | max    57.0 | signals 627 | icon -0.045 | MI 0.004 | jsd 0.088/0.109 | sym [0.015,0.182,0.046] | sil -0.328
gen 2100 | avg    22.4 | max    59.0 | signals 905 | icon -0.024 | MI 0.019 | jsd 0.143/0.094 | sym [0.000,0.208,0.063] | sil -0.440
gen 2110 | avg    22.9 | max    66.0 | signals 927 | icon -0.042 | MI 0.005 | jsd 0.198/0.051 | sym [0.000,0.116,0.034] | sil -0.305
gen 2120 | avg    26.7 | max    74.0 | signals 1162 | icon -0.022 | MI 0.047 | jsd 0.079/0.111 | sym [0.000,0.100,0.022] | sil -0.459
gen 2130 | avg    17.2 | max    62.0 | signals 715 | icon -0.035 | MI 0.015 | jsd 0.071/0.082 | sym [0.000,0.091,0.015] | sil -0.455
gen 2140 | avg    26.3 | max    75.0 | signals 1014 | icon -0.025 | MI 0.032 | jsd 0.180/0.075 | sym [0.000,0.198,0.045] | sil -0.497
gen 2150 | avg    20.2 | max    45.0 | signals 739 | icon -0.030 | MI 0.010 | jsd 0.067/0.133 | sym [0.000,0.062,0.107] | sil -0.244
gen 2160 | avg    19.9 | max    53.0 | signals 822 | icon -0.054 | MI 0.127 | jsd 0.245/0.103 | sym [0.000,0.303,0.147] | sil -0.422
gen 2170 | avg    31.9 | max   104.0 | signals 1211 | icon -0.056 | MI 0.034 | jsd 0.137/0.135 | sym [0.000,0.162,0.041] | sil -0.442
gen 2180 | avg    20.9 | max    55.0 | signals 784 | icon -0.046 | MI 0.035 | jsd 0.120/0.248 | sym [0.000,0.156,0.085] | sil -0.420
gen 2190 | avg    21.4 | max    64.0 | signals 858 | icon -0.054 | MI 0.004 | jsd 0.251/0.311 | sym [0.000,0.300,0.232] | sil -0.445
gen 2200 | avg    35.4 | max    98.0 | signals 1451 | icon -0.023 | MI 0.029 | jsd 0.311/0.186 | sym [0.000,0.353,0.144] | sil -0.452
gen 2210 | avg    22.1 | max    72.0 | signals 861 | icon -0.036 | MI 0.040 | jsd 0.204/0.335 | sym [0.000,0.477,0.056] | sil -0.109
gen 2220 | avg    30.1 | max    71.0 | signals 1257 | icon -0.045 | MI 0.027 | jsd 0.298/0.114 | sym [0.000,0.186,0.109] | sil -0.325
gen 2230 | avg    21.9 | max    64.0 | signals 792 | icon -0.030 | MI 0.026 | jsd 0.285/0.153 | sym [0.000,0.321,0.138] | sil -0.384
gen 2240 | avg    20.2 | max    49.0 | signals 718 | icon -0.049 | MI 0.063 | jsd 0.037/0.087 | sym [0.025,0.026,0.029] | sil -0.447
gen 2250 | avg    25.8 | max    69.0 | signals 969 | icon -0.039 | MI 0.073 | jsd 0.075/0.155 | sym [0.026,0.034,0.048] | sil -0.363
gen 2260 | avg    18.5 | max    55.0 | signals 676 | icon -0.033 | MI 0.079 | jsd 0.076/0.104 | sym [0.031,0.149,0.012] | sil -0.457
gen 2270 | avg    21.4 | max    52.0 | signals 827 | icon -0.051 | MI 0.067 | jsd 0.105/0.111 | sym [0.003,0.131,0.020] | sil -0.419
gen 2280 | avg    21.0 | max    60.0 | signals 769 | icon -0.042 | MI 0.034 | jsd 0.089/0.234 | sym [0.075,0.157,0.015] | sil -0.433
gen 2290 | avg    35.4 | max    98.0 | signals 1468 | icon -0.014 | MI 0.040 | jsd 0.112/0.112 | sym [0.035,0.183,0.021] | sil -0.340
gen 2300 | avg    23.0 | max    66.0 | signals 944 | icon -0.035 | MI 0.061 | jsd 0.145/0.030 | sym [0.096,0.215,0.025] | sil -0.497
gen 2310 | avg    16.7 | max    40.0 | signals 670 | icon -0.049 | MI 0.093 | jsd 0.142/0.023 | sym [0.000,0.161,0.018] | sil -0.342
gen 2320 | avg    20.7 | max    51.0 | signals 762 | icon -0.026 | MI 0.123 | jsd 0.094/0.003 | sym [0.000,0.142,0.011] | sil -0.302
gen 2330 | avg    18.9 | max    59.0 | signals 785 | icon -0.034 | MI 0.091 | jsd 0.159/0.000 | sym [0.000,0.146,0.045] | sil -0.495
gen 2340 | avg    17.1 | max    46.0 | signals 690 | icon -0.037 | MI 0.149 | jsd 0.121/0.008 | sym [0.000,0.174,0.043] | sil -0.152
gen 2350 | avg    28.5 | max    94.0 | signals 1057 | icon -0.036 | MI 0.052 | jsd 0.066/0.075 | sym [0.000,0.080,0.049] | sil -0.413
gen 2360 | avg    36.3 | max   116.0 | signals 1381 | icon -0.037 | MI 0.050 | jsd 0.090/0.024 | sym [0.000,0.123,0.025] | sil -0.401
gen 2370 | avg    21.5 | max    60.0 | signals 831 | icon -0.049 | MI 0.072 | jsd 0.017/0.013 | sym [0.000,0.024,0.018] | sil -0.415
gen 2380 | avg    19.9 | max    50.0 | signals 764 | icon -0.060 | MI 0.073 | jsd 0.042/0.034 | sym [0.000,0.076,0.018] | sil -0.377
gen 2390 | avg    20.1 | max    48.0 | signals 742 | icon -0.089 | MI 0.105 | jsd 0.017/0.051 | sym [0.000,0.017,0.036] | sil -0.323
gen 2400 | avg    26.9 | max    72.0 | signals 1050 | icon -0.037 | MI 0.124 | jsd 0.043/0.032 | sym [0.000,0.054,0.045] | sil -0.460
gen 2410 | avg    20.1 | max    62.0 | signals 796 | icon -0.040 | MI 0.213 | jsd 0.133/0.008 | sym [0.000,0.185,0.061] | sil -0.518
gen 2420 | avg    18.2 | max    42.0 | signals 745 | icon -0.058 | MI 0.109 | jsd 0.158/0.014 | sym [0.000,0.130,0.077] | sil -0.366
gen 2430 | avg    17.9 | max    50.0 | signals 735 | icon -0.035 | MI 0.106 | jsd 0.149/0.080 | sym [0.000,0.182,0.114] | sil -0.369
gen 2440 | avg    21.9 | max    63.0 | signals 919 | icon -0.026 | MI 0.122 | jsd 0.245/0.044 | sym [0.000,0.210,0.148] | sil -0.514
gen 2450 | avg    17.4 | max    41.0 | signals 734 | icon -0.067 | MI 0.065 | jsd 0.141/0.077 | sym [0.000,0.204,0.105] | sil -0.513
gen 2460 | avg    19.4 | max    67.0 | signals 802 | icon -0.022 | MI 0.038 | jsd 0.063/0.123 | sym [0.000,0.059,0.110] | sil -0.415
gen 2470 | avg    17.2 | max    39.0 | signals 718 | icon -0.040 | MI 0.046 | jsd 0.134/0.060 | sym [0.000,0.135,0.095] | sil -0.432
gen 2480 | avg    19.1 | max    53.0 | signals 745 | icon -0.050 | MI 0.052 | jsd 0.072/0.071 | sym [0.000,0.097,0.089] | sil -0.143
gen 2490 | avg    20.0 | max    52.0 | signals 758 | icon -0.056 | MI 0.014 | jsd 0.119/0.121 | sym [0.000,0.206,0.087] | sil -0.470
gen 2500 | avg    20.9 | max    65.0 | signals 765 | icon -0.044 | MI 0.020 | jsd 0.138/0.085 | sym [0.000,0.095,0.094] | sil -0.445
gen 2510 | avg    24.3 | max    58.0 | signals 854 | icon -0.058 | MI 0.030 | jsd 0.082/0.059 | sym [0.000,0.129,0.082] | sil -0.426
gen 2520 | avg    19.1 | max    64.0 | signals 716 | icon -0.031 | MI 0.028 | jsd 0.056/0.045 | sym [0.000,0.057,0.067] | sil -0.446
gen 2530 | avg    24.5 | max   100.0 | signals 916 | icon -0.046 | MI 0.049 | jsd 0.141/0.092 | sym [0.000,0.220,0.095] | sil -0.407
gen 2540 | avg    22.8 | max    56.0 | signals 892 | icon -0.037 | MI 0.022 | jsd 0.110/0.162 | sym [0.000,0.258,0.124] | sil -0.451
gen 2550 | avg    23.3 | max    52.0 | signals 989 | icon -0.028 | MI 0.006 | jsd 0.098/0.192 | sym [0.000,0.000,0.243] | sil -0.241
gen 2560 | avg    18.4 | max    44.0 | signals 761 | icon -0.051 | MI 0.044 | jsd 0.136/0.058 | sym [0.000,0.179,0.155] | sil -0.333
gen 2570 | avg    18.5 | max    55.0 | signals 748 | icon -0.045 | MI 0.021 | jsd 0.115/0.094 | sym [0.000,0.102,0.198] | sil -0.398
gen 2580 | avg    17.8 | max    43.0 | signals 722 | icon -0.050 | MI 0.056 | jsd 0.192/0.063 | sym [0.000,0.205,0.199] | sil -0.447
gen 2590 | avg    30.3 | max    67.0 | signals 1304 | icon -0.028 | MI 0.065 | jsd 0.119/0.002 | sym [0.000,0.188,0.147] | sil -0.375
gen 2600 | avg    28.1 | max    69.0 | signals 1231 | icon -0.037 | MI 0.068 | jsd 0.133/0.051 | sym [0.000,0.124,0.119] | sil -0.203
gen 2610 | avg    17.8 | max    71.0 | signals 723 | icon -0.039 | MI 0.025 | jsd 0.131/0.044 | sym [0.000,0.130,0.115] | sil -0.529
gen 2620 | avg    18.8 | max    55.0 | signals 760 | icon -0.057 | MI 0.021 | jsd 0.114/0.116 | sym [0.000,0.090,0.129] | sil -0.141
gen 2630 | avg    25.3 | max    61.0 | signals 944 | icon -0.043 | MI 0.014 | jsd 0.090/0.029 | sym [0.000,0.059,0.114] | sil -0.415
gen 2640 | avg    32.0 | max    78.0 | signals 1405 | icon -0.031 | MI 0.004 | jsd 0.420/0.164 | sym [0.000,0.427,0.211] | sil -0.319
gen 2650 | avg    29.7 | max    79.0 | signals 1205 | icon -0.036 | MI 0.005 | jsd 0.195/0.115 | sym [0.000,0.262,0.078] | sil -0.304
gen 2660 | avg    16.7 | max    43.0 | signals 673 | icon -0.040 | MI 0.001 | jsd 0.036/0.156 | sym [0.000,0.070,0.076] | sil -0.134
gen 2670 | avg    17.8 | max    53.0 | signals 776 | icon -0.037 | MI 0.000 | jsd 0.120/0.251 | sym [0.000,0.000,0.100] | sil -0.491
gen 2680 | avg    19.1 | max    51.0 | signals 739 | icon -0.046 | MI 0.004 | jsd 0.041/0.091 | sym [0.000,0.181,0.071] | sil -0.402
gen 2690 | avg    21.4 | max    62.0 | signals 869 | icon -0.044 | MI 0.002 | jsd 0.031/0.200 | sym [0.000,0.038,0.039] | sil -0.499
gen 2700 | avg    22.8 | max    65.0 | signals 853 | icon -0.047 | MI 0.007 | jsd 0.013/0.060 | sym [0.000,0.088,0.010] | sil -0.352
gen 2710 | avg    21.6 | max    57.0 | signals 826 | icon -0.040 | MI 0.005 | jsd 0.106/0.082 | sym [0.000,0.239,0.028] | sil -0.501
gen 2720 | avg    20.6 | max    61.0 | signals 818 | icon -0.046 | MI 0.014 | jsd 0.089/0.036 | sym [0.000,0.063,0.108] | sil -0.464
gen 2730 | avg    23.1 | max    54.0 | signals 819 | icon -0.011 | MI 0.005 | jsd 0.110/0.068 | sym [0.000,0.007,0.164] | sil -0.409
gen 2740 | avg    19.7 | max    71.0 | signals 725 | icon -0.030 | MI 0.000 | jsd 0.115/0.175 | sym [0.000,0.000,0.125] | sil -0.446
gen 2750 | avg    30.3 | max    89.0 | signals 1135 | icon -0.058 | MI 0.001 | jsd 0.125/0.053 | sym [0.000,0.348,0.113] | sil -0.373
gen 2760 | avg    14.8 | max    41.0 | signals 620 | icon -0.055 | MI 0.004 | jsd 0.019/0.260 | sym [0.000,0.096,0.022] | sil -0.395
gen 2770 | avg    20.4 | max    67.0 | signals 749 | icon -0.053 | MI 0.003 | jsd 0.013/0.051 | sym [0.000,0.050,0.025] | sil -0.013
gen 2780 | avg    16.4 | max    37.0 | signals 659 | icon -0.029 | MI 0.003 | jsd 0.038/0.059 | sym [0.000,0.000,0.024] | sil -0.365
gen 2790 | avg    20.6 | max    52.0 | signals 761 | icon -0.018 | MI 0.007 | jsd 0.050/0.386 | sym [0.000,0.062,0.052] | sil -0.410
gen 2800 | avg    34.6 | max    92.0 | signals 1403 | icon -0.015 | MI 0.017 | jsd 0.041/0.009 | sym [0.000,0.014,0.047] | sil -0.392
gen 2810 | avg    34.1 | max   110.0 | signals 1315 | icon -0.020 | MI 0.044 | jsd 0.067/0.055 | sym [0.000,0.082,0.071] | sil -0.246
gen 2820 | avg    16.6 | max    44.0 | signals 676 | icon -0.036 | MI 0.014 | jsd 0.131/0.383 | sym [0.000,0.004,0.068] | sil -0.469
gen 2830 | avg    30.3 | max    78.0 | signals 1246 | icon -0.013 | MI 0.011 | jsd 0.205/0.009 | sym [0.000,0.173,0.072] | sil -0.197
gen 2840 | avg    21.2 | max    58.0 | signals 800 | icon -0.030 | MI 0.045 | jsd 0.069/0.082 | sym [0.000,0.032,0.060] | sil -0.391
gen 2850 | avg    18.3 | max    55.0 | signals 659 | icon -0.038 | MI 0.024 | jsd 0.081/0.124 | sym [0.000,0.022,0.046] | sil -0.483
gen 2860 | avg    25.5 | max    72.0 | signals 1056 | icon -0.016 | MI 0.010 | jsd 0.363/0.082 | sym [0.000,0.259,0.089] | sil -0.462
gen 2870 | avg    26.2 | max    88.0 | signals 1050 | icon -0.023 | MI 0.048 | jsd 0.199/0.059 | sym [0.000,0.187,0.043] | sil -0.431
gen 2880 | avg    28.8 | max    65.0 | signals 1183 | icon -0.046 | MI 0.031 | jsd 0.421/0.004 | sym [0.000,0.198,0.047] | sil -0.185
gen 2890 | avg    20.1 | max    61.0 | signals 737 | icon -0.018 | MI 0.031 | jsd 0.386/0.003 | sym [0.000,0.257,0.144] | sil -0.267
gen 2900 | avg    17.5 | max    48.0 | signals 679 | icon -0.010 | MI 0.033 | jsd 0.243/0.093 | sym [0.000,0.072,0.020] | sil -0.361
gen 2910 | avg    33.5 | max    78.0 | signals 1259 | icon -0.014 | MI 0.032 | jsd 0.217/0.131 | sym [0.000,0.166,0.065] | sil -0.246
gen 2920 | avg    22.0 | max    67.0 | signals 777 | icon -0.033 | MI 0.051 | jsd 0.151/0.017 | sym [0.000,0.145,0.062] | sil -0.488
gen 2930 | avg    28.8 | max    65.0 | signals 1211 | icon -0.035 | MI 0.023 | jsd 0.401/0.066 | sym [0.000,0.246,0.064] | sil -0.311
gen 2940 | avg    21.2 | max    67.0 | signals 796 | icon -0.052 | MI 0.055 | jsd 0.083/0.096 | sym [0.000,0.037,0.054] | sil -0.499
gen 2950 | avg    19.1 | max    45.0 | signals 776 | icon -0.064 | MI 0.091 | jsd 0.136/0.029 | sym [0.000,0.206,0.035] | sil -0.206
gen 2960 | avg    22.6 | max    70.0 | signals 866 | icon -0.030 | MI 0.034 | jsd 0.150/0.089 | sym [0.000,0.167,0.007] | sil -0.332
gen 2970 | avg    20.2 | max    60.0 | signals 740 | icon -0.038 | MI 0.061 | jsd 0.121/0.076 | sym [0.000,0.028,0.024] | sil -0.367
gen 2980 | avg    19.9 | max    52.0 | signals 716 | icon -0.024 | MI 0.051 | jsd 0.088/0.040 | sym [0.000,0.071,0.025] | sil -0.455
gen 2990 | avg    18.5 | max    57.0 | signals 738 | icon -0.018 | MI 0.031 | jsd 0.094/0.132 | sym [0.000,0.065,0.016] | sil -0.434
gen 2999 | avg    21.4 | max    73.0 | signals 788 | icon -0.063 | MI 0.039 | jsd 0.177/0.220 | sym [0.000,0.090,0.031] | sil -0.197
Done. Results in output.csv, trajectory.csv, input_mi.csv
